app/bin/build/intermediates/manifest_merge_blame_file/debug/manifest-merger-blame-debug-report.txt
1<?xml version="1.0" encoding="utf-8"?>
2<manifest xmlns:android="http://schemas.android.com/apk/res/android"
3    package="com.example.btl_ltuddd_electricstore"
4    android:versionCode="1"
5    android:versionName="1.0" >
6
7    <uses-sdk
8        android:minSdkVersion="16"
8-->src\main\AndroidManifest.xml
9        android:targetSdkVersion="30" />
9-->src\main\AndroidManifest.xml
10
11    <uses-permission android:name="android.Manifest.permission.INTERNET" />
11-->src\main\AndroidManifest.xml:6:5-76
11-->src\main\AndroidManifest.xml:6:22-73
12    <uses-permission android:name="android.permission.CALL_PHONE" />
12-->src\main\AndroidManifest.xml:7:5-69
12-->src\main\AndroidManifest.xml:7:22-66
13    <uses-permission android:name="android.permission.ACCESS_NETWORK_STATE" />
13-->src\main\AndroidManifest.xml:8:5-79
13-->src\main\AndroidManifest.xml:8:22-76
14    <uses-permission android:name="android.permission.INTERNET" />
14-->[com.google.firebase:firebase-auth:20.0.3] AndroidManifest.xml:23:5-67
14-->[com.google.firebase:firebase-auth:20.0.3] AndroidManifest.xml:23:22-64
15
16    <application
16-->src\main\AndroidManifest.xml:10:5-101:19
17        android:name="com.example.btl_ltuddd_electricstore.notification"
17-->src\main\AndroidManifest.xml:11:9-37
18        android:allowBackup="true"
18-->src\main\AndroidManifest.xml:12:9-35
19        android:appComponentFactory="androidx.core.app.CoreComponentFactory"
19-->[androidx.core:core:1.3.1] AndroidManifest.xml:24:18-86
20        android:debuggable="true"
21        android:icon="@mipmap/ic_launcher"
21-->src\main\AndroidManifest.xml:13:9-43
22        android:label="@string/app_name"
22-->src\main\AndroidManifest.xml:14:9-41
23        android:roundIcon="@mipmap/ic_launcher_round"
23-->src\main\AndroidManifest.xml:15:9-54
24        android:supportsRtl="true"
24-->src\main\AndroidManifest.xml:16:9-35
25        android:testOnly="true"
26        android:theme="@style/Theme.Btl_ltuddd_electricStore" >
26-->src\main\AndroidManifest.xml:17:9-62
27        <receiver android:name="com.example.btl_ltuddd_electricstore.NetworkChangeReciever" >
27-->src\main\AndroidManifest.xml:20:9-24:20
27-->src\main\AndroidManifest.xml:20:19-56
28            <intent-filter>
28-->src\main\AndroidManifest.xml:21:13-23:29
29                <action android:name="android.net.conn.CONNECTIVITY_CHANGE" />
29-->src\main\AndroidManifest.xml:22:17-79
29-->src\main\AndroidManifest.xml:22:25-76
30            </intent-filter>
31        </receiver>
32
33        <activity
33-->src\main\AndroidManifest.xml:26:9-30:57
34            android:name="com.example.btl_ltuddd_electricstore.Activity.quen_mat_khau_Activity"
34-->src\main\AndroidManifest.xml:27:13-60
35            android:parentActivityName="com.example.btl_ltuddd_electricstore.Activity.dang_nhap_Activity"
35-->src\main\AndroidManifest.xml:28:13-70
36            android:screenOrientation="portrait"
36-->src\main\AndroidManifest.xml:29:13-49
37            android:windowSoftInputMode="stateHidden" />
37-->src\main\AndroidManifest.xml:30:13-54
38        <activity
38-->src\main\AndroidManifest.xml:31:9-35:57
39            android:name="com.example.btl_ltuddd_electricstore.Activity.doi_pass_Activity"
39-->src\main\AndroidManifest.xml:32:13-55
40            android:parentActivityName="com.example.btl_ltuddd_electricstore.Activity.profile_Activity"
40-->src\main\AndroidManifest.xml:33:13-68
41            android:screenOrientation="portrait"
41-->src\main\AndroidManifest.xml:34:13-49
42            android:windowSoftInputMode="stateHidden" />
42-->src\main\AndroidManifest.xml:35:13-54
43        <activity
43-->src\main\AndroidManifest.xml:36:9-39:52
44            android:name="com.example.btl_ltuddd_electricstore.Activity.danh_sach_kh_Activity"
44-->src\main\AndroidManifest.xml:37:13-59
45            android:parentActivityName="com.example.btl_ltuddd_electricstore.Activity.quan_ly_ban_hang_Activity"
45-->src\main\AndroidManifest.xml:38:13-77
46            android:screenOrientation="portrait" />
46-->src\main\AndroidManifest.xml:39:13-49
47        <activity
47-->src\main\AndroidManifest.xml:40:9-43:52
48            android:name="com.example.btl_ltuddd_electricstore.Activity.chat_ho_tro_kh_Activity"
48-->src\main\AndroidManifest.xml:41:13-61
49            android:parentActivityName="com.example.btl_ltuddd_electricstore.Activity.danh_sach_kh_Activity"
49-->src\main\AndroidManifest.xml:42:13-73
50            android:screenOrientation="portrait" />
50-->src\main\AndroidManifest.xml:43:13-49
51        <activity
51-->src\main\AndroidManifest.xml:44:9-47:52
52            android:name="com.example.btl_ltuddd_electricstore.Activity.xac_nhan_don_hang_Activity"
52-->src\main\AndroidManifest.xml:45:13-64
53            android:parentActivityName="com.example.btl_ltuddd_electricstore.Activity.quan_ly_ban_hang_Activity"
53-->src\main\AndroidManifest.xml:46:13-77
54            android:screenOrientation="portrait" />
54-->src\main\AndroidManifest.xml:47:13-49
55        <activity
55-->src\main\AndroidManifest.xml:48:9-52:57
56            android:name="com.example.btl_ltuddd_electricstore.Activity.mua_hang_Activity"
56-->src\main\AndroidManifest.xml:49:13-55
57            android:parentActivityName="com.example.btl_ltuddd_electricstore.Activity.gio_hang_Activity"
57-->src\main\AndroidManifest.xml:50:13-69
58            android:screenOrientation="portrait"
58-->src\main\AndroidManifest.xml:51:13-49
59            android:windowSoftInputMode="stateHidden" />
59-->src\main\AndroidManifest.xml:52:13-54
60        <activity
60-->src\main\AndroidManifest.xml:53:9-56:52
61            android:name="com.example.btl_ltuddd_electricstore.Activity.ChatHoTro"
61-->src\main\AndroidManifest.xml:54:13-47
62            android:parentActivityName="com.example.btl_ltuddd_electricstore.Activity.profile_Activity"
62-->src\main\AndroidManifest.xml:55:13-68
63            android:screenOrientation="portrait" />
63-->src\main\AndroidManifest.xml:56:13-49
64        <activity
64-->src\main\AndroidManifest.xml:57:9-60:52
65            android:name="com.example.btl_ltuddd_electricstore.Activity.lich_su_mua_hang_Activity"
65-->src\main\AndroidManifest.xml:58:13-63
66            android:parentActivityName="com.example.btl_ltuddd_electricstore.Activity.profile_Activity"
66-->src\main\AndroidManifest.xml:59:13-68
67            android:screenOrientation="portrait" />
67-->src\main\AndroidManifest.xml:60:13-49
68        <activity
68-->src\main\AndroidManifest.xml:61:9-64:45
69            android:name="com.example.btl_ltuddd_electricstore.Activity.profile_Activity"
69-->src\main\AndroidManifest.xml:62:13-54
70            android:screenOrientation="portrait"
70-->src\main\AndroidManifest.xml:63:13-49
71            android:theme="@style/caidat" />
71-->src\main\AndroidManifest.xml:64:13-42
72        <activity
72-->src\main\AndroidManifest.xml:65:9-68:52
73            android:name="com.example.btl_ltuddd_electricstore.Activity.gio_hang_Activity"
73-->src\main\AndroidManifest.xml:66:13-55
74            android:parentActivityName="com.example.btl_ltuddd_electricstore.Activity.banhang_Activity"
74-->src\main\AndroidManifest.xml:67:13-68
75            android:screenOrientation="portrait" />
75-->src\main\AndroidManifest.xml:68:13-49
76        <activity
76-->src\main\AndroidManifest.xml:69:9-73:57
77            android:name="com.example.btl_ltuddd_electricstore.Activity.thongtin_sp_Activity"
77-->src\main\AndroidManifest.xml:70:13-58
78            android:parentActivityName="com.example.btl_ltuddd_electricstore.Activity.banhang_Activity"
78-->src\main\AndroidManifest.xml:71:13-68
79            android:screenOrientation="portrait"
79-->src\main\AndroidManifest.xml:72:13-49
80            android:windowSoftInputMode="stateHidden" />
80-->src\main\AndroidManifest.xml:73:13-54
81        <activity
81-->src\main\AndroidManifest.xml:74:9-77:57
82            android:name="com.example.btl_ltuddd_electricstore.Activity.ProductDetailActivity"
82-->src\main\AndroidManifest.xml:75:13-59
83            android:theme="@style/add"
83-->src\main\AndroidManifest.xml:76:13-39
84            android:windowSoftInputMode="stateHidden" />
84-->src\main\AndroidManifest.xml:77:13-54
85        <activity
85-->src\main\AndroidManifest.xml:78:9-80:52
86            android:name="com.example.btl_ltuddd_electricstore.Activity.quan_ly_ban_hang_Activity"
86-->src\main\AndroidManifest.xml:79:13-63
87            android:screenOrientation="portrait" />
87-->src\main\AndroidManifest.xml:80:13-49
88        <activity
88-->src\main\AndroidManifest.xml:81:9-83:52
89            android:name="com.example.btl_ltuddd_electricstore.Activity.banhang_Activity"
89-->src\main\AndroidManifest.xml:82:13-54
90            android:screenOrientation="portrait" />
90-->src\main\AndroidManifest.xml:83:13-49
91        <activity
91-->src\main\AndroidManifest.xml:84:9-93:20
92            android:name="com.example.btl_ltuddd_electricstore.Activity.dang_nhap_Activity"
92-->src\main\AndroidManifest.xml:85:13-56
93            android:screenOrientation="portrait"
93-->src\main\AndroidManifest.xml:86:13-49
94            android:windowSoftInputMode="stateHidden" >
94-->src\main\AndroidManifest.xml:87:13-54
95            <intent-filter>
95-->src\main\AndroidManifest.xml:88:13-92:29
96                <action android:name="android.intent.action.MAIN" />
96-->src\main\AndroidManifest.xml:89:17-69
96-->src\main\AndroidManifest.xml:89:25-66
97
98                <category android:name="android.intent.category.LAUNCHER" />
98-->src\main\AndroidManifest.xml:91:17-77
98-->src\main\AndroidManifest.xml:91:27-74
99            </intent-filter>
100        </activity>
101        <activity
101-->src\main\AndroidManifest.xml:94:9-98:57
102            android:name="com.example.btl_ltuddd_electricstore.Activity.dang_ky_Activity"
102-->src\main\AndroidManifest.xml:95:13-54
103            android:parentActivityName="com.example.btl_ltuddd_electricstore.Activity.dang_nhap_Activity"
103-->src\main\AndroidManifest.xml:96:13-70
104            android:screenOrientation="portrait"
104-->src\main\AndroidManifest.xml:97:13-49
105            android:windowSoftInputMode="stateHidden" />
105-->src\main\AndroidManifest.xml:98:13-54
106
107        <service android:name="com.example.btl_ltuddd_electricstore.service.service_notification" />
107-->src\main\AndroidManifest.xml:100:9-73
107-->src\main\AndroidManifest.xml:100:18-62
108
109        <activity
109-->[com.google.firebase:firebase-auth:20.0.3] AndroidManifest.xml:27:9-44:20
110            android:name="com.google.firebase.auth.internal.GenericIdpActivity"
110-->[com.google.firebase:firebase-auth:20.0.3] AndroidManifest.xml:28:13-80
111            android:excludeFromRecents="true"
111-->[com.google.firebase:firebase-auth:20.0.3] AndroidManifest.xml:29:13-46
112            android:exported="true"
112-->[com.google.firebase:firebase-auth:20.0.3] AndroidManifest.xml:30:13-36
113            android:launchMode="singleTask"
113-->[com.google.firebase:firebase-auth:20.0.3] AndroidManifest.xml:31:13-44
114            android:theme="@android:style/Theme.Translucent.NoTitleBar" >
114-->[com.google.firebase:firebase-auth:20.0.3] AndroidManifest.xml:32:13-72
115            <intent-filter>
115-->[com.google.firebase:firebase-auth:20.0.3] AndroidManifest.xml:33:13-43:29
116                <action android:name="android.intent.action.VIEW" />
116-->[com.google.firebase:firebase-auth:20.0.3] AndroidManifest.xml:34:17-69
116-->[com.google.firebase:firebase-auth:20.0.3] AndroidManifest.xml:34:25-66
117
118                <category android:name="android.intent.category.DEFAULT" />
118-->[com.google.firebase:firebase-auth:20.0.3] AndroidManifest.xml:36:17-76
118-->[com.google.firebase:firebase-auth:20.0.3] AndroidManifest.xml:36:27-73
119                <category android:name="android.intent.category.BROWSABLE" />
119-->[com.google.firebase:firebase-auth:20.0.3] AndroidManifest.xml:37:17-78
119-->[com.google.firebase:firebase-auth:20.0.3] AndroidManifest.xml:37:27-75
120
121                <data
121-->[com.google.firebase:firebase-auth:20.0.3] AndroidManifest.xml:39:17-42:51
122                    android:host="firebase.auth"
122-->[com.google.firebase:firebase-auth:20.0.3] AndroidManifest.xml:40:21-49
123                    android:path="/"
123-->[com.google.firebase:firebase-auth:20.0.3] AndroidManifest.xml:41:21-37
124                    android:scheme="genericidp" />
124-->[com.google.firebase:firebase-auth:20.0.3] AndroidManifest.xml:42:21-48
125            </intent-filter>
126        </activity>
127        <activity
127-->[com.google.firebase:firebase-auth:20.0.3] AndroidManifest.xml:45:9-62:20
128            android:name="com.google.firebase.auth.internal.RecaptchaActivity"
128-->[com.google.firebase:firebase-auth:20.0.3] AndroidManifest.xml:46:13-79
129            android:excludeFromRecents="true"
129-->[com.google.firebase:firebase-auth:20.0.3] AndroidManifest.xml:47:13-46
130            android:exported="true"
130-->[com.google.firebase:firebase-auth:20.0.3] AndroidManifest.xml:48:13-36
131            android:launchMode="singleTask"
131-->[com.google.firebase:firebase-auth:20.0.3] AndroidManifest.xml:49:13-44
132            android:theme="@android:style/Theme.Translucent.NoTitleBar" >
132-->[com.google.firebase:firebase-auth:20.0.3] AndroidManifest.xml:50:13-72
133            <intent-filter>
133-->[com.google.firebase:firebase-auth:20.0.3] AndroidManifest.xml:51:13-61:29
134                <action android:name="android.intent.action.VIEW" />
134-->[com.google.firebase:firebase-auth:20.0.3] AndroidManifest.xml:34:17-69
134-->[com.google.firebase:firebase-auth:20.0.3] AndroidManifest.xml:34:25-66
135
136                <category android:name="android.intent.category.DEFAULT" />
136-->[com.google.firebase:firebase-auth:20.0.3] AndroidManifest.xml:36:17-76
136-->[com.google.firebase:firebase-auth:20.0.3] AndroidManifest.xml:36:27-73
137                <category android:name="android.intent.category.BROWSABLE" />
137-->[com.google.firebase:firebase-auth:20.0.3] AndroidManifest.xml:37:17-78
137-->[com.google.firebase:firebase-auth:20.0.3] AndroidManifest.xml:37:27-75
138
139                <data
139-->[com.google.firebase:firebase-auth:20.0.3] AndroidManifest.xml:39:17-42:51
140                    android:host="firebase.auth"
140-->[com.google.firebase:firebase-auth:20.0.3] AndroidManifest.xml:40:21-49
141                    android:path="/"
141-->[com.google.firebase:firebase-auth:20.0.3] AndroidManifest.xml:41:21-37
142                    android:scheme="recaptcha" />
142-->[com.google.firebase:firebase-auth:20.0.3] AndroidManifest.xml:42:21-48
143            </intent-filter>
144        </activity>
145
146        <service
146-->[com.google.firebase:firebase-auth:20.0.3] AndroidManifest.xml:64:9-73:19
147            android:name="com.google.firebase.auth.api.fallback.service.FirebaseAuthFallbackService"
147-->[com.google.firebase:firebase-auth:20.0.3] AndroidManifest.xml:65:13-101
148            android:enabled="true"
148-->[com.google.firebase:firebase-auth:20.0.3] AndroidManifest.xml:66:13-35
149            android:exported="false" >
149-->[com.google.firebase:firebase-auth:20.0.3] AndroidManifest.xml:67:13-37
150            <intent-filter>
150-->[com.google.firebase:firebase-auth:20.0.3] AndroidManifest.xml:68:13-72:29
151                <action android:name="com.google.firebase.auth.api.gms.service.START" />
151-->[com.google.firebase:firebase-auth:20.0.3] AndroidManifest.xml:69:17-89
151-->[com.google.firebase:firebase-auth:20.0.3] AndroidManifest.xml:69:25-86
152
153                <category android:name="android.intent.category.DEFAULT" />
153-->[com.google.firebase:firebase-auth:20.0.3] AndroidManifest.xml:36:17-76
153-->[com.google.firebase:firebase-auth:20.0.3] AndroidManifest.xml:36:27-73
154            </intent-filter>
155        </service>
156        <service
156-->[com.google.firebase:firebase-auth:20.0.3] AndroidManifest.xml:74:9-80:19
157            android:name="com.google.firebase.components.ComponentDiscoveryService"
157-->[com.google.firebase:firebase-auth:20.0.3] AndroidManifest.xml:75:13-84
158            android:directBootAware="true"
158-->[com.google.firebase:firebase-common:19.5.0] AndroidManifest.xml:35:13-43
159            android:exported="false" >
159-->[com.google.firebase:firebase-auth:20.0.3] AndroidManifest.xml:76:13-37
160            <meta-data
160-->[com.google.firebase:firebase-auth:20.0.3] AndroidManifest.xml:77:13-79:85
161                android:name="com.google.firebase.components:com.google.firebase.auth.FirebaseAuthRegistrar"
161-->[com.google.firebase:firebase-auth:20.0.3] AndroidManifest.xml:78:17-109
162                android:value="com.google.firebase.components.ComponentRegistrar" />
162-->[com.google.firebase:firebase-auth:20.0.3] AndroidManifest.xml:79:17-82
163            <meta-data
163-->[com.google.firebase:firebase-database:19.7.0] AndroidManifest.xml:32:13-34:85
164                android:name="com.google.firebase.components:com.google.firebase.database.DatabaseRegistrar"
164-->[com.google.firebase:firebase-database:19.7.0] AndroidManifest.xml:33:17-109
165                android:value="com.google.firebase.components.ComponentRegistrar" />
165-->[com.google.firebase:firebase-database:19.7.0] AndroidManifest.xml:34:17-82
166            <meta-data
166-->[com.google.firebase:firebase-storage:19.2.1] AndroidManifest.xml:33:13-35:85
167                android:name="com.google.firebase.components:com.google.firebase.storage.StorageRegistrar"
167-->[com.google.firebase:firebase-storage:19.2.1] AndroidManifest.xml:34:17-107
168                android:value="com.google.firebase.components.ComponentRegistrar" />
168-->[com.google.firebase:firebase-storage:19.2.1] AndroidManifest.xml:35:17-82
169            <!--
170                This registrar is not defined in the dynamic-module-support sdk itself to allow non-firebase
171                clients to use it as well, by defining this registrar in their own core/common library.
172            -->
173            <meta-data
173-->[com.google.firebase:firebase-common:19.5.0] AndroidManifest.xml:43:13-45:85
174                android:name="com.google.firebase.components:com.google.firebase.dynamicloading.DynamicLoadingRegistrar"
174-->[com.google.firebase:firebase-common:19.5.0] AndroidManifest.xml:44:17-121
175                android:value="com.google.firebase.components.ComponentRegistrar" />
175-->[com.google.firebase:firebase-common:19.5.0] AndroidManifest.xml:45:17-82
176        </service>
177
178        <provider
178-->[com.squareup.picasso:picasso:2.71828] AndroidManifest.xml:8:9-11:40
179            android:name="com.squareup.picasso.PicassoProvider"
179-->[com.squareup.picasso:picasso:2.71828] AndroidManifest.xml:9:13-64
180            android:authorities="com.example.btl_ltuddd_electricstore.com.squareup.picasso"
180-->[com.squareup.picasso:picasso:2.71828] AndroidManifest.xml:10:13-72
181            android:exported="false" />
181-->[com.squareup.picasso:picasso:2.71828] AndroidManifest.xml:11:13-37
182        <provider
182-->[com.google.firebase:firebase-common:19.5.0] AndroidManifest.xml:26:9-31:39
183            android:name="com.google.firebase.provider.FirebaseInitProvider"
183-->[com.google.firebase:firebase-common:19.5.0] AndroidManifest.xml:27:13-77
184            android:authorities="com.example.btl_ltuddd_electricstore.firebaseinitprovider"
184-->[com.google.firebase:firebase-common:19.5.0] AndroidManifest.xml:28:13-72
185            android:directBootAware="true"
185-->[com.google.firebase:firebase-common:19.5.0] AndroidManifest.xml:29:13-43
186            android:exported="false"
186-->[com.google.firebase:firebase-common:19.5.0] AndroidManifest.xml:30:13-37
187            android:initOrder="100" />
187-->[com.google.firebase:firebase-common:19.5.0] AndroidManifest.xml:31:13-36
188
189        <activity
189-->[com.google.android.gms:play-services-base:17.1.0] AndroidManifest.xml:23:9-26:75
190            android:name="com.google.android.gms.common.api.GoogleApiActivity"
190-->[com.google.android.gms:play-services-base:17.1.0] AndroidManifest.xml:24:13-79
191            android:exported="false"
191-->[com.google.android.gms:play-services-base:17.1.0] AndroidManifest.xml:25:13-37
192            android:theme="@android:style/Theme.Translucent.NoTitleBar" />
192-->[com.google.android.gms:play-services-base:17.1.0] AndroidManifest.xml:26:13-72
193
194        <meta-data
194-->[com.google.android.gms:play-services-basement:17.1.0] AndroidManifest.xml:23:9-25:69
195            android:name="com.google.android.gms.version"
195-->[com.google.android.gms:play-services-basement:17.1.0] AndroidManifest.xml:24:13-58
196            android:value="@integer/google_play_services_version" />
196-->[com.google.android.gms:play-services-basement:17.1.0] AndroidManifest.xml:25:13-66
197    </application>
198
199</manifest>